2025-08-08 01:36:34 - PERFORMANCE - Task execution took 0.002s - {'task': "Analyze market conditions for symbols: ['AAPL', 'G"}
2025-08-08 01:36:34 - PERFORMANCE - Task execution took 0.000s - {'task': 'Retrieve and analyze current economic indicators'}
2025-08-08 01:36:34 - PERFORMANCE - Task execution took 0.002s - {'task': 'Analyze market trends for AAPL over 1y period'}
2025-08-08 01:36:34 - PERFORMANCE - Task execution took 0.003s - {'task': 'Analyze market conditions for symbols: general mar'}
2025-08-08 01:36:34 - PERFORMANCE - Task execution took 0.002s - {'task': 'Retrieve and analyze current economic indicators'}
2025-08-08 01:36:34 - PERFORMANCE - Task execution took 0.001s - {'task': "Analyze market conditions for symbols: ['AAPL']"}
2025-08-08 01:41:08 - PERFORMANCE - Task execution took 0.000s - {'task': 'Test task'}
2025-08-08 01:41:08 - PERFORMANCE - Task execution took 0.000s - {'task': 'Valid task'}
2025-08-08 01:41:08 - PERFORMANCE - Task execution took 0.001s - {'task': "Analyze market conditions for symbols: ['AAPL', 'G"}
2025-08-08 01:41:08 - PERFORMANCE - Task execution took 0.001s - {'task': 'Retrieve and analyze current economic indicators'}
2025-08-08 01:41:08 - PERFORMANCE - Task execution took 0.000s - {'task': 'Analyze market trends for AAPL over 1y period'}
2025-08-08 01:41:08 - PERFORMANCE - Task execution took 0.001s - {'task': 'Analyze market conditions for symbols: general mar'}
2025-08-08 01:41:08 - PERFORMANCE - Task execution took 0.001s - {'task': 'Retrieve and analyze current economic indicators'}
2025-08-08 01:41:08 - PERFORMANCE - Task execution took 0.001s - {'task': 'Performance test task 0'}
2025-08-08 01:41:08 - PERFORMANCE - Task execution took 0.000s - {'task': 'Performance test task 1'}
2025-08-08 01:41:08 - PERFORMANCE - Task execution took 0.001s - {'task': 'Performance test task 2'}
2025-08-08 01:41:08 - PERFORMANCE - Task execution took 0.001s - {'task': ''}
2025-08-08 01:41:49 - PERFORMANCE - Task execution took 0.001s - {'task': 'Test task'}
2025-08-08 01:41:49 - PERFORMANCE - Task execution took 0.001s - {'task': 'Valid task'}
2025-08-08 01:41:49 - PERFORMANCE - Task execution took 0.000s - {'task': "Analyze market conditions for symbols: ['AAPL', 'G"}
2025-08-08 01:41:49 - PERFORMANCE - Task execution took 0.002s - {'task': 'Retrieve and analyze current economic indicators'}
2025-08-08 01:41:49 - PERFORMANCE - Task execution took 0.001s - {'task': 'Analyze market trends for AAPL over 1y period'}
2025-08-08 01:41:49 - PERFORMANCE - Task execution took 0.001s - {'task': 'Analyze market conditions for symbols: general mar'}
2025-08-08 01:41:49 - PERFORMANCE - Task execution took 0.001s - {'task': 'Retrieve and analyze current economic indicators'}
2025-08-08 01:41:49 - PERFORMANCE - Task execution took 0.001s - {'task': 'Performance test task 0'}
2025-08-08 01:41:49 - PERFORMANCE - Task execution took 0.001s - {'task': 'Performance test task 1'}
2025-08-08 01:41:49 - PERFORMANCE - Task execution took 0.001s - {'task': 'Performance test task 2'}
2025-08-08 01:41:49 - PERFORMANCE - Task execution took 0.001s - {'task': ''}
2025-08-08 02:05:24 - PERFORMANCE - Task execution took 0.001s - {'task': 'Test task'}
2025-08-08 02:05:24 - PERFORMANCE - Task execution took 0.001s - {'task': "Analyze market conditions for symbols: ['AAPL', 'G"}
2025-08-08 02:05:24 - PERFORMANCE - Task execution took 0.001s - {'task': 'Analyze investment risk for: AAPL'}
2025-08-08 02:05:24 - PERFORMANCE - Task execution took 0.001s - {'task': 'Generate recommendations for user with moderate ri'}
2025-08-08 02:06:34 - PERFORMANCE - Task execution took 0.003s - {'task': 'Test task'}
2025-08-08 02:06:34 - PERFORMANCE - Task execution took 0.002s - {'task': "Analyze market conditions for symbols: ['AAPL', 'G"}
2025-08-08 02:06:34 - PERFORMANCE - Task execution took 0.002s - {'task': 'Analyze investment risk for: AAPL'}
2025-08-08 02:06:34 - PERFORMANCE - Task execution took 0.001s - {'task': 'Generate recommendations for user with moderate ri'}
